<?xml version="1.0" encoding="UTF-8"?>
<!-- Generated by org.testng.reporters.JUnitXMLReporter -->
<testsuite hostname="DESKTOP-ES7B3DH" ignored="0" name="Default test" tests="3" failures="0" timestamp="24 Oct 2018 11:56:39 GMT" time="161.679" errors="0">
  <testcase name="verifyHomePageTitleTest" time="0.394" classname="com.crm.qa.testcases.HomePageTest"/>
  <testcase name="verifyuserNameTest" time="0.379" classname="com.crm.qa.testcases.HomePageTest"/>
  <testcase name="verifyContactsLinkTest" time="2.098" classname="com.crm.qa.testcases.HomePageTest"/>
</testsuite> <!-- Default test -->
