<?xml version="1.0" encoding="UTF-8"?>
<testng-results skipped="0" failed="0" ignored="0" total="3" passed="3">
  <reporter-output>
  </reporter-output>
  <suite name="Default suite" duration-ms="161679" started-at="2018-10-24T11:53:57Z" finished-at="2018-10-24T11:56:38Z">
    <groups>
    </groups>
    <test name="Default test" duration-ms="161679" started-at="2018-10-24T11:53:57Z" finished-at="2018-10-24T11:56:38Z">
      <class name="com.crm.qa.testcases.HomePageTest">
        <test-method status="PASS" signature="setUp()[pri:0, instance:com.crm.qa.testcases.HomePageTest@31ef45e3]" name="setUp" is-config="true" duration-ms="55613" started-at="2018-10-24T11:53:57Z" finished-at="2018-10-24T11:54:52Z">
          <reporter-output>
          </reporter-output>
        </test-method> <!-- setUp -->
        <test-method status="PASS" signature="verifyHomePageTitleTest()[pri:1, instance:com.crm.qa.testcases.HomePageTest@31ef45e3]" name="verifyHomePageTitleTest" duration-ms="394" started-at="2018-10-24T11:54:52Z" finished-at="2018-10-24T11:54:53Z">
          <reporter-output>
          </reporter-output>
        </test-method> <!-- verifyHomePageTitleTest -->
        <test-method status="PASS" signature="tearDown()[pri:0, instance:com.crm.qa.testcases.HomePageTest@31ef45e3]" name="tearDown" is-config="true" duration-ms="1" started-at="2018-10-24T11:54:53Z" finished-at="2018-10-24T11:54:53Z">
          <reporter-output>
          </reporter-output>
        </test-method> <!-- tearDown -->
        <test-method status="PASS" signature="setUp()[pri:0, instance:com.crm.qa.testcases.HomePageTest@31ef45e3]" name="setUp" is-config="true" duration-ms="52212" started-at="2018-10-24T11:54:53Z" finished-at="2018-10-24T11:55:45Z">
          <reporter-output>
          </reporter-output>
        </test-method> <!-- setUp -->
        <test-method status="PASS" signature="verifyuserNameTest()[pri:2, instance:com.crm.qa.testcases.HomePageTest@31ef45e3]" name="verifyuserNameTest" duration-ms="379" started-at="2018-10-24T11:55:45Z" finished-at="2018-10-24T11:55:45Z">
          <reporter-output>
          </reporter-output>
        </test-method> <!-- verifyuserNameTest -->
        <test-method status="PASS" signature="tearDown()[pri:0, instance:com.crm.qa.testcases.HomePageTest@31ef45e3]" name="tearDown" is-config="true" duration-ms="0" started-at="2018-10-24T11:55:45Z" finished-at="2018-10-24T11:55:45Z">
          <reporter-output>
          </reporter-output>
        </test-method> <!-- tearDown -->
        <test-method status="PASS" signature="setUp()[pri:0, instance:com.crm.qa.testcases.HomePageTest@31ef45e3]" name="setUp" is-config="true" duration-ms="50924" started-at="2018-10-24T11:55:45Z" finished-at="2018-10-24T11:56:36Z">
          <reporter-output>
          </reporter-output>
        </test-method> <!-- setUp -->
        <test-method status="PASS" signature="verifyContactsLinkTest()[pri:3, instance:com.crm.qa.testcases.HomePageTest@31ef45e3]" name="verifyContactsLinkTest" duration-ms="2098" started-at="2018-10-24T11:56:36Z" finished-at="2018-10-24T11:56:38Z">
          <reporter-output>
          </reporter-output>
        </test-method> <!-- verifyContactsLinkTest -->
        <test-method status="PASS" signature="tearDown()[pri:0, instance:com.crm.qa.testcases.HomePageTest@31ef45e3]" name="tearDown" is-config="true" duration-ms="0" started-at="2018-10-24T11:56:38Z" finished-at="2018-10-24T11:56:38Z">
          <reporter-output>
          </reporter-output>
        </test-method> <!-- tearDown -->
      </class> <!-- com.crm.qa.testcases.HomePageTest -->
    </test> <!-- Default test -->
  </suite> <!-- Default suite -->
</testng-results>
